<?xml version="1.0" encoding="UTF-8"?>
<testsuite name="com.oktaice.scim.ScimServerApplicationTests" tests="1" skipped="0" failures="0" errors="0" timestamp="2023-03-31T09:16:59" hostname="C02FM725ML85" time="0.029">
  <properties/>
  <testcase name="contextLoads" classname="com.oktaice.scim.ScimServerApplicationTests" time="0.029"/>
  <system-out><![CDATA[02:16:53.804 [Test worker] DEBUG org.springframework.test.context.junit4.SpringJUnit4ClassRunner - SpringJUnit4ClassRunner constructor called with [class com.oktaice.scim.ScimServerApplicationTests]
02:16:53.808 [Test worker] DEBUG org.springframework.test.context.BootstrapUtils - Instantiating CacheAwareContextLoaderDelegate from class [org.springframework.test.context.cache.DefaultCacheAwareContextLoaderDelegate]
02:16:53.814 [Test worker] DEBUG org.springframework.test.context.BootstrapUtils - Instantiating BootstrapContext using constructor [public org.springframework.test.context.support.DefaultBootstrapContext(java.lang.Class,org.springframework.test.context.CacheAwareContextLoaderDelegate)]
02:16:53.825 [Test worker] DEBUG org.springframework.test.context.BootstrapUtils - Instantiating TestContextBootstrapper for test class [com.oktaice.scim.ScimServerApplicationTests] from class [org.springframework.boot.test.context.SpringBootTestContextBootstrapper]
02:16:53.833 [Test worker] INFO org.springframework.boot.test.context.SpringBootTestContextBootstrapper - Neither @ContextConfiguration nor @ContextHierarchy found for test class [com.oktaice.scim.ScimServerApplicationTests], using SpringBootContextLoader
02:16:53.841 [Test worker] DEBUG org.springframework.test.context.support.AbstractContextLoader - Did not detect default resource location for test class [com.oktaice.scim.ScimServerApplicationTests]: class path resource [com/oktaice/scim/ScimServerApplicationTests-context.xml] does not exist
02:16:53.842 [Test worker] DEBUG org.springframework.test.context.support.AbstractContextLoader - Did not detect default resource location for test class [com.oktaice.scim.ScimServerApplicationTests]: class path resource [com/oktaice/scim/ScimServerApplicationTestsContext.groovy] does not exist
02:16:53.842 [Test worker] INFO org.springframework.test.context.support.AbstractContextLoader - Could not detect default resource locations for test class [com.oktaice.scim.ScimServerApplicationTests]: no resource found for suffixes {-context.xml, Context.groovy}.
02:16:53.844 [Test worker] INFO org.springframework.test.context.support.AnnotationConfigContextLoaderUtils - Could not detect default configuration classes for test class [com.oktaice.scim.ScimServerApplicationTests]: ScimServerApplicationTests does not declare any static, non-private, non-final, nested classes annotated with @Configuration.
02:16:53.885 [Test worker] DEBUG org.springframework.test.context.support.ActiveProfilesUtils - Could not find an 'annotation declaring class' for annotation type [org.springframework.test.context.ActiveProfiles] and class [com.oktaice.scim.ScimServerApplicationTests]
02:16:53.890 [Test worker] DEBUG org.springframework.core.env.StandardEnvironment - Adding PropertySource 'systemProperties' with lowest search precedence
02:16:53.890 [Test worker] DEBUG org.springframework.core.env.StandardEnvironment - Adding PropertySource 'systemEnvironment' with lowest search precedence
02:16:53.891 [Test worker] DEBUG org.springframework.core.env.StandardEnvironment - Initialized StandardEnvironment with PropertySources [MapPropertySource@40450440 {name='systemProperties', properties={java.runtime.name=OpenJDK Runtime Environment, sun.boot.library.path=/Library/Java/JavaVirtualMachines/adoptopenjdk-8.jdk/Contents/Home/jre/lib, java.vm.version=25.292-b10, gopherProxySet=false, java.vm.vendor=AdoptOpenJDK, java.vendor.url=https://adoptopenjdk.net/, path.separator=:, java.vm.name=OpenJDK 64-Bit Server VM, file.encoding.pkg=sun.io, sun.java.launcher=SUN_STANDARD, user.country=US, sun.os.patch.level=unknown, java.vm.specification.name=Java Virtual Machine Specification, user.dir=/Users/kazemi/Documents/es-delivery-user-migration/scim, java.runtime.version=1.8.0_292-b10, java.awt.graphicsenv=sun.awt.CGraphicsEnvironment, java.endorsed.dirs=/Library/Java/JavaVirtualMachines/adoptopenjdk-8.jdk/Contents/Home/jre/lib/endorsed, os.arch=x86_64, java.io.tmpdir=/var/folders/tc/29mbk665549664wr71k0gz780000gp/T/, line.separator=
, java.vm.specification.vendor=Oracle Corporation, user.variant=, os.name=Mac OS X, sun.jnu.encoding=UTF-8, java.library.path=/Users/kazemi/Library/Java/Extensions:/Library/Java/Extensions:/Network/Library/Java/Extensions:/System/Library/Java/Extensions:/usr/lib/java:., java.specification.name=Java Platform API Specification, java.class.version=52.0, sun.management.compiler=HotSpot 64-Bit Tiered Compilers, os.version=10.16, user.home=/Users/kazemi, user.timezone=America/Los_Angeles, java.awt.printerjob=sun.lwawt.macosx.CPrinterJob, file.encoding=UTF-8, java.specification.version=1.8, java.class.path=/Users/kazemi/Documents/es-delivery-user-migration/scim/build/classes/test:/Users/kazemi/Documents/es-delivery-user-migration/scim/build/resources/test:/Users/kazemi/Documents/es-delivery-user-migration/scim/build/classes/main:/Users/kazemi/Documents/es-delivery-user-migration/scim/build/resources/main:/Users/kazemi/.gradle/caches/modules-2/files-2.1/org.springframework.boot/spring-boot-starter-actuator/1.5.8.RELEASE/927c40a1af518dc240dfdf7aaf0a9673c3a127c5/spring-boot-starter-actuator-1.5.8.RELEASE.jar:/Users/kazemi/.gradle/caches/modules-2/files-2.1/org.springframework.boot/spring-boot-starter-data-jpa/1.5.8.RELEASE/55bb5e8aea5707f79ee9888ad75261a7b7df4654/spring-boot-starter-data-jpa-1.5.8.RELEASE.jar:/Users/kazemi/.gradle/caches/modules-2/files-2.1/org.springframework.boot/spring-boot-starter-security/1.5.8.RELEASE/1f143627e30e74244e83223a5a9347c95a2dafbc/spring-boot-starter-security-1.5.8.RELEASE.jar:/Users/kazemi/.gradle/caches/modules-2/files-2.1/org.springframework.boot/spring-boot-starter-thymeleaf/1.5.8.RELEASE/255b749537ca0fa48adeb0c15cf48734b9ffcf5e/spring-boot-starter-thymeleaf-1.5.8.RELEASE.jar:/Users/kazemi/.gradle/caches/modules-2/files-2.1/org.springframework.boot/spring-boot-starter-web/1.5.8.RELEASE/7e0dc79e3b47be4539ad3c033639133ae6b7a17e/spring-boot-starter-web-1.5.8.RELEASE.jar:/Users/kazemi/.gradle/caches/modules-2/files-2.1/org.springframework/spring-web/4.3.12.RELEASE/86c29588cca74d0fc848b194cb13fcdfd12bc990/spring-web-4.3.12.RELEASE.jar:/Users/kazemi/.gradle/caches/modules-2/files-2.1/org.springframework.boot/spring-boot-devtools/1.5.8.RELEASE/ea212262e3ae47e76fa176358fcf9ee2780b80da/spring-boot-devtools-1.5.8.RELEASE.jar:/Users/kazemi/.gradle/caches/modules-2/files-2.1/org.hsqldb/hsqldb/2.3.5/4f97fcbc10fecf6f048c3b65683781d031b9155e/hsqldb-2.3.5.jar:/Users/kazemi/.gradle/caches/modules-2/files-2.1/org.springframework.boot/spring-boot-starter-test/1.5.8.RELEASE/20b767f594924b32950286f1236ab7d68ff861f9/spring-boot-starter-test-1.5.8.RELEASE.jar:/Users/kazemi/.gradle/caches/modules-2/files-2.1/org.springframework.security/spring-security-test/4.2.3.RELEASE/f93339f597290d85a596f25a7841b9109b79ced6/spring-security-test-4.2.3.RELEASE.jar:/Users/kazemi/.gradle/caches/modules-2/files-2.1/org.springframework.boot/spring-boot-starter/1.5.8.RELEASE/18048efe1f06569022a53cc3fb2fe9c0162935a3/spring-boot-starter-1.5.8.RELEASE.jar:/Users/kazemi/.gradle/caches/modules-2/files-2.1/org.springframework.boot/spring-boot-actuator/1.5.8.RELEASE/aac530fe877ed91c92831019755c49f29b08e6/spring-boot-actuator-1.5.8.RELEASE.jar:/Users/kazemi/.gradle/caches/modules-2/files-2.1/org.springframework.boot/spring-boot-starter-aop/1.5.8.RELEASE/9bc9a40e0718726ed48f6becc509b2d186f1ebcc/spring-boot-starter-aop-1.5.8.RELEASE.jar:/Users/kazemi/.gradle/caches/modules-2/files-2.1/org.springframework.boot/spring-boot-starter-jdbc/1.5.8.RELEASE/fc98631eba9817c920b9ac1c5845214f49637a33/spring-boot-starter-jdbc-1.5.8.RELEASE.jar:/Users/kazemi/.gradle/caches/modules-2/files-2.1/org.hibernate/hibernate-core/5.0.12.Final/e58bf1c660e6706d8e2cbb53bae110f574366102/hibernate-core-5.0.12.Final.jar:/Users/kazemi/.gradle/caches/modules-2/files-2.1/org.hibernate/hibernate-entitymanager/5.0.12.Final/302a526f5058290e9cbd719a5caf9f248d344719/hibernate-entitymanager-5.0.12.Final.jar:/Users/kazemi/.gradle/caches/modules-2/files-2.1/javax.transaction/javax.transaction-api/1.2/d81aff979d603edd90dcd8db2abc1f4ce6479e3e/javax.transaction-api-1.2.jar:/Users/kazemi/.gradle/caches/modules-2/files-2.1/org.springframework.data/spring-data-jpa/1.11.8.RELEASE/d674b8407de3d2998c106557fd6a6665de2bc217/spring-data-jpa-1.11.8.RELEASE.jar:/Users/kazemi/.gradle/caches/modules-2/files-2.1/org.springframework/spring-aspects/4.3.12.RELEASE/b0002bfdd0d58f09fc178afc5f2d0553ff117840/spring-aspects-4.3.12.RELEASE.jar:/Users/kazemi/.gradle/caches/modules-2/files-2.1/org.springframework/spring-aop/4.3.12.RELEASE/b3fef085902993c2ef874c45c7bfd79296d5a5a4/spring-aop-4.3.12.RELEASE.jar:/Users/kazemi/.gradle/caches/modules-2/files-2.1/org.springframework.security/spring-security-config/4.2.3.RELEASE/9f3771903616e33521836fd999d63efbfebf90d/spring-security-config-4.2.3.RELEASE.jar:/Users/kazemi/.gradle/caches/modules-2/files-2.1/org.springframework.security/spring-security-web/4.2.3.RELEASE/7a03e737484ca232d7146852f06d067ac21427ac/spring-security-web-4.2.3.RELEASE.jar:/Users/kazemi/.gradle/caches/modules-2/files-2.1/org.thymeleaf/thymeleaf-spring4/2.1.5.RELEASE/74cb9028e99597b5d71a98e919fd531a7fc290b4/thymeleaf-spring4-2.1.5.RELEASE.jar:/Users/kazemi/.gradle/caches/modules-2/files-2.1/nz.net.ultraq.thymeleaf/thymeleaf-layout-dialect/1.4.0/8d7810c069ed1534b9631fb1e85c35973546086/thymeleaf-layout-dialect-1.4.0.jar:/Users/kazemi/.gradle/caches/modules-2/files-2.1/org.springframework.boot/spring-boot-starter-tomcat/1.5.8.RELEASE/cf3b7eb7e192a60ab1dd09e4f8bce82710a5feb0/spring-boot-starter-tomcat-1.5.8.RELEASE.jar:/Users/kazemi/.gradle/caches/modules-2/files-2.1/org.hibernate/hibernate-validator/5.3.5.Final/622a9bcef2eed6d41b5b8e0662c36212009e375/hibernate-validator-5.3.5.Final.jar:/Users/kazemi/.gradle/caches/modules-2/files-2.1/com.fasterxml.jackson.core/jackson-databind/2.8.10/f7b83cb2bc4b88d53961e749e1ad32f49ef017b7/jackson-databind-2.8.10.jar:/Users/kazemi/.gradle/caches/modules-2/files-2.1/org.springframework/spring-webmvc/4.3.12.RELEASE/986e5dcd4435e780f6be64f8185eaa51523cf851/spring-webmvc-4.3.12.RELEASE.jar:/Users/kazemi/.gradle/caches/modules-2/files-2.1/org.springframework/spring-beans/4.3.12.RELEASE/547dd432d47d0f01d9ccbedc4b705f9f7c1240a/spring-beans-4.3.12.RELEASE.jar:/Users/kazemi/.gradle/caches/modules-2/files-2.1/org.springframework/spring-context/4.3.12.RELEASE/5e6d26f36636f36b7efec1d6a0c5991284fbd95b/spring-context-4.3.12.RELEASE.jar:/Users/kazemi/.gradle/caches/modules-2/files-2.1/org.springframework/spring-core/4.3.12.RELEASE/4cebc69478c6d350dbd5af28e3db7d5694f416e3/spring-core-4.3.12.RELEASE.jar:/Users/kazemi/.gradle/caches/modules-2/files-2.1/org.springframework.boot/spring-boot/1.5.8.RELEASE/748ebde51761e12627ad23d064024f342b18f9b4/spring-boot-1.5.8.RELEASE.jar:/Users/kazemi/.gradle/caches/modules-2/files-2.1/org.springframework.boot/spring-boot-autoconfigure/1.5.8.RELEASE/e4f2efa4c319f4e3613d94fbccfdb5ccda6873e3/spring-boot-autoconfigure-1.5.8.RELEASE.jar:/Users/kazemi/.gradle/caches/modules-2/files-2.1/org.springframework.boot/spring-boot-test/1.5.8.RELEASE/17dedee86d1a9e9bd409d715fd90650ca1049659/spring-boot-test-1.5.8.RELEASE.jar:/Users/kazemi/.gradle/caches/modules-2/files-2.1/org.springframework.boot/spring-boot-test-autoconfigure/1.5.8.RELEASE/a8f986cc4b6ecef1417fe50c20984f12f54d15cc/spring-boot-test-autoconfigure-1.5.8.RELEASE.jar:/Users/kazemi/.gradle/caches/modules-2/files-2.1/com.jayway.jsonpath/json-path/2.2.0/22290d17944bd239fabf5ac69005a60a7ecbbbcb/json-path-2.2.0.jar:/Users/kazemi/.gradle/caches/modules-2/files-2.1/junit/junit/4.12/2973d150c0dc1fefe998f834810d68f278ea58ec/junit-4.12.jar:/Users/kazemi/.gradle/caches/modules-2/files-2.1/org.assertj/assertj-core/2.6.0/b532c3fc4f66bcfee4989a3514f1cd56203a33ad/assertj-core-2.6.0.jar:/Users/kazemi/.gradle/caches/modules-2/files-2.1/org.mockito/mockito-core/1.10.19/e8546f5bef4e061d8dd73895b4e8f40e3fe6effe/mockito-core-1.10.19.jar:/Users/kazemi/.gradle/caches/modules-2/files-2.1/org.hamcrest/hamcrest-core/1.3/42a25dc3219429f0e5d060061f71acb49bf010a0/hamcrest-core-1.3.jar:/Users/kazemi/.gradle/caches/modules-2/files-2.1/org.hamcrest/hamcrest-library/1.3/4785a3c21320980282f9f33d0d1264a69040538f/hamcrest-library-1.3.jar:/Users/kazemi/.gradle/caches/modules-2/files-2.1/org.skyscreamer/jsonassert/1.4.0/9cdbb373a06f6513e51e8c545ee6a5e981463edb/jsonassert-1.4.0.jar:/Users/kazemi/.gradle/caches/modules-2/files-2.1/org.springframework/spring-test/4.3.12.RELEASE/825a7ac1014528db722a6cc94cceaef2410cb314/spring-test-4.3.12.RELEASE.jar:/Users/kazemi/.gradle/caches/modules-2/files-2.1/org.springframework.security/spring-security-core/4.2.3.RELEASE/5c0e47a47036c94d6fdd02696bf52be6d1adbd4d/spring-security-core-4.2.3.RELEASE.jar:/Users/kazemi/.gradle/caches/modules-2/files-2.1/org.springframework.boot/spring-boot-starter-logging/1.5.8.RELEASE/ebc00a0e46753d90431fdcc5e3d6b9fd3bf1564a/spring-boot-starter-logging-1.5.8.RELEASE.jar:/Users/kazemi/.gradle/caches/modules-2/files-2.1/org.yaml/snakeyaml/1.17/7a27ea250c5130b2922b86dea63cbb1cc10a660c/snakeyaml-1.17.jar:/Users/kazemi/.gradle/caches/modules-2/files-2.1/org.aspectj/aspectjweaver/1.8.11/9807e0e13c8a295f15882721db50fa3d142c44a9/aspectjweaver-1.8.11.jar:/Users/kazemi/.gradle/caches/modules-2/files-2.1/org.apache.tomcat/tomcat-jdbc/8.5.23/6036400a8f2d90dd3ae3a4d09e5136c56002887b/tomcat-jdbc-8.5.23.jar:/Users/kazemi/.gradle/caches/modules-2/files-2.1/org.springframework/spring-jdbc/4.3.12.RELEASE/5c840abbdc1a1dfd0f79c4a4c25eac0c98e6af22/spring-jdbc-4.3.12.RELEASE.jar:/Users/kazemi/.gradle/caches/modules-2/files-2.1/org.jboss.logging/jboss-logging/3.3.1.Final/c46217ab74b532568c0ed31dc599db3048bd1b67/jboss-logging-3.3.1.Final.jar:/Users/kazemi/.gradle/caches/modules-2/files-2.1/org.hibernate.javax.persistence/hibernate-jpa-2.1-api/1.0.0.Final/5e731d961297e5a07290bfaf3db1fbc8bbbf405a/hibernate-jpa-2.1-api-1.0.0.Final.jar:/Users/kazemi/.gradle/caches/modules-2/files-2.1/org.javassist/javassist/3.21.0-GA/598244f595db5c5fb713731eddbb1c91a58d959b/javassist-3.21.0-GA.jar:/Users/kazemi/.gradle/caches/modules-2/files-2.1/antlr/antlr/2.7.7/83cd2cd674a217ade95a4bb83a8a14f351f48bd0/antlr-2.7.7.jar:/Users/kazemi/.gradle/caches/modules-2/files-2.1/org.jboss/jandex/2.0.0.Final/3e899258936f94649c777193e1be846387ed54b3/jandex-2.0.0.Final.jar:/Users/kazemi/.gradle/caches/modules-2/files-2.1/dom4j/dom4j/1.6.1/5d3ccc056b6f056dbf0dddfdf43894b9065a8f94/dom4j-1.6.1.jar:/Users/kazemi/.gradle/caches/modules-2/files-2.1/org.hibernate.common/hibernate-commons-annotations/5.0.1.Final/71e1cff3fcb20d3b3af4f3363c3ddb24d33c6879/hibernate-commons-annotations-5.0.1.Final.jar:/Users/kazemi/.gradle/caches/modules-2/files-2.1/org.springframework.data/spring-data-commons/1.13.8.RELEASE/2853e3c38e02d42529f6c8b247d7bace40c25642/spring-data-commons-1.13.8.RELEASE.jar:/Users/kazemi/.gradle/caches/modules-2/files-2.1/org.springframework/spring-orm/4.3.12.RELEASE/47bbe35a92944aeedf06a388098581272f8db9bd/spring-orm-4.3.12.RELEASE.jar:/Users/kazemi/.gradle/caches/modules-2/files-2.1/org.springframework/spring-tx/4.3.12.RELEASE/7147b6839b2bf9db3621b79c73b4dddbe69572b6/spring-tx-4.3.12.RELEASE.jar:/Users/kazemi/.gradle/caches/modules-2/files-2.1/org.slf4j/slf4j-api/1.7.25/da76ca59f6a57ee3102f8f9bd9cee742973efa8a/slf4j-api-1.7.25.jar:/Users/kazemi/.gradle/caches/modules-2/files-2.1/org.slf4j/jcl-over-slf4j/1.7.25/f8c32b13ff142a513eeb5b6330b1588dcb2c0461/jcl-over-slf4j-1.7.25.jar:/Users/kazemi/.gradle/caches/modules-2/files-2.1/aopalliance/aopalliance/1.0/235ba8b489512805ac13a8f9ea77a1ca5ebe3e8/aopalliance-1.0.jar:/Users/kazemi/.gradle/caches/modules-2/files-2.1/org.springframework/spring-expression/4.3.12.RELEASE/790f69f6ad7f9da8d4a92c603ad7244c398c8309/spring-expression-4.3.12.RELEASE.jar:/Users/kazemi/.gradle/caches/modules-2/files-2.1/org.thymeleaf/thymeleaf/2.1.5.RELEASE/513bffa3daaac277460c1a0a2dccb228fa40569e/thymeleaf-2.1.5.RELEASE.jar:/Users/kazemi/.gradle/caches/modules-2/files-2.1/org.codehaus.groovy/groovy/2.4.12/a43be367110c491787219f1c128b5b5fc54f1e70/groovy-2.4.12.jar:/Users/kazemi/.gradle/caches/modules-2/files-2.1/org.apache.tomcat.embed/tomcat-embed-core/8.5.23/79261793a47f507890ee08f749b9d81774e4f7f0/tomcat-embed-core-8.5.23.jar:/Users/kazemi/.gradle/caches/modules-2/files-2.1/org.apache.tomcat.embed/tomcat-embed-el/8.5.23/98d979cde444dffa6d434c8377d0123b2dfa614c/tomcat-embed-el-8.5.23.jar:/Users/kazemi/.gradle/caches/modules-2/files-2.1/org.apache.tomcat.embed/tomcat-embed-websocket/8.5.23/52f07abcae10dc7e1764304b0877def175c2c833/tomcat-embed-websocket-8.5.23.jar:/Users/kazemi/.gradle/caches/modules-2/files-2.1/javax.validation/validation-api/1.1.0.Final/8613ae82954779d518631e05daa73a6a954817d5/validation-api-1.1.0.Final.jar:/Users/kazemi/.gradle/caches/modules-2/files-2.1/com.fasterxml/classmate/1.3.4/3d5f48f10bbe4eb7bd862f10c0583be2e0053c6/classmate-1.3.4.jar:/Users/kazemi/.gradle/caches/modules-2/files-2.1/com.fasterxml.jackson.core/jackson-annotations/2.8.0/45b426f7796b741035581a176744d91090e2e6fb/jackson-annotations-2.8.0.jar:/Users/kazemi/.gradle/caches/modules-2/files-2.1/com.fasterxml.jackson.core/jackson-core/2.8.10/eb21a035c66ad307e66ec8fce37f5d50fd62d039/jackson-core-2.8.10.jar:/Users/kazemi/.gradle/caches/modules-2/files-2.1/net.minidev/json-smart/2.2.1/5b9e5df7a62d1279b70dc882b041d249c4f0b002/json-smart-2.2.1.jar:/Users/kazemi/.gradle/caches/modules-2/files-2.1/org.objenesis/objenesis/2.1/87c0ea803b69252868d09308b4618f766f135a96/objenesis-2.1.jar:/Users/kazemi/.gradle/caches/modules-2/files-2.1/com.vaadin.external.google/android-json/0.0.20131108.vaadin1/fa26d351fe62a6a17f5cda1287c1c6110dec413f/android-json-0.0.20131108.vaadin1.jar:/Users/kazemi/.gradle/caches/modules-2/files-2.1/ch.qos.logback/logback-classic/1.1.11/ccedfbacef4a6515d2983e3f89ed753d5d4fb665/logback-classic-1.1.11.jar:/Users/kazemi/.gradle/caches/modules-2/files-2.1/org.slf4j/jul-to-slf4j/1.7.25/af5364cd6679bfffb114f0dec8a157aaa283b76/jul-to-slf4j-1.7.25.jar:/Users/kazemi/.gradle/caches/modules-2/files-2.1/org.slf4j/log4j-over-slf4j/1.7.25/a87bb47468f47ee7aabbd54f93e133d4215769c3/log4j-over-slf4j-1.7.25.jar:/Users/kazemi/.gradle/caches/modules-2/files-2.1/org.apache.tomcat/tomcat-juli/8.5.23/98e7f0610b7b2fb8303f11be0210e3f5a56a7d55/tomcat-juli-8.5.23.jar:/Users/kazemi/.gradle/caches/modules-2/files-2.1/ognl/ognl/3.0.8/37e1aebfde7eb7baebc9ad4f85116ef9009c5fc5/ognl-3.0.8.jar:/Users/kazemi/.gradle/caches/modules-2/files-2.1/org.unbescape/unbescape/1.1.0.RELEASE/ab0db4fe0a6fa89fb8da2a40008a4e63a7f3f5b9/unbescape-1.1.0.RELEASE.jar:/Users/kazemi/.gradle/caches/modules-2/files-2.1/org.apache.tomcat/tomcat-annotations-api/8.5.23/aaf17df9fe0240e9e9d5375d24d5f177174b73d9/tomcat-annotations-api-8.5.23.jar:/Users/kazemi/.gradle/caches/modules-2/files-2.1/net.minidev/accessors-smart/1.1/a527213f2fea112a04c9bdf0ec0264e34104cd08/accessors-smart-1.1.jar:/Users/kazemi/.gradle/caches/modules-2/files-2.1/ch.qos.logback/logback-core/1.1.11/88b8df40340eed549fb07e2613879bf6b006704d/logback-core-1.1.11.jar:/Users/kazemi/.gradle/caches/modules-2/files-2.1/org.ow2.asm/asm/5.0.3/dcc2193db20e19e1feca8b1240dbbc4e190824fa/asm-5.0.3.jar, user.name=kazemi, java.vm.specification.version=1.8, sun.java.command=worker.org.gradle.process.internal.worker.GradleWorkerMain 'Gradle Test Executor 1', java.home=/Library/Java/JavaVirtualMachines/adoptopenjdk-8.jdk/Contents/Home/jre, sun.arch.data.model=64, user.language=en, java.specification.vendor=Oracle Corporation, awt.toolkit=sun.lwawt.macosx.LWCToolkit, java.vm.info=mixed mode, java.version=1.8.0_292, java.ext.dirs=/Users/kazemi/Library/Java/Extensions:/Library/Java/JavaVirtualMachines/adoptopenjdk-8.jdk/Contents/Home/jre/lib/ext:/Library/Java/Extensions:/Network/Library/Java/Extensions:/System/Library/Java/Extensions:/usr/lib/java, sun.boot.class.path=/Library/Java/JavaVirtualMachines/adoptopenjdk-8.jdk/Contents/Home/jre/lib/resources.jar:/Library/Java/JavaVirtualMachines/adoptopenjdk-8.jdk/Contents/Home/jre/lib/rt.jar:/Library/Java/JavaVirtualMachines/adoptopenjdk-8.jdk/Contents/Home/jre/lib/sunrsasign.jar:/Library/Java/JavaVirtualMachines/adoptopenjdk-8.jdk/Contents/Home/jre/lib/jsse.jar:/Library/Java/JavaVirtualMachines/adoptopenjdk-8.jdk/Contents/Home/jre/lib/jce.jar:/Library/Java/JavaVirtualMachines/adoptopenjdk-8.jdk/Contents/Home/jre/lib/charsets.jar:/Library/Java/JavaVirtualMachines/adoptopenjdk-8.jdk/Contents/Home/jre/lib/jfr.jar:/Library/Java/JavaVirtualMachines/adoptopenjdk-8.jdk/Contents/Home/jre/classes, java.vendor=AdoptOpenJDK, org.gradle.test.worker=1, file.separator=/, java.vendor.url.bug=https://github.com/AdoptOpenJDK/openjdk-support/issues, sun.io.unicode.encoding=UnicodeBig, sun.cpu.endian=little, sun.cpu.isalist=}}, SystemEnvironmentPropertySource@1851782145 {name='systemEnvironment', properties={PATH=/Users/kazemi/.jenv/versions/openjdk64-1.8.0.292/bin:/usr/local/Cellar/jenv/0.5.6/libexec/libexec:/Users/kazemi/.nvm/versions/node/v16.17.0/bin:/Users/kazemi/.jenv/shims:/Users/kazemi/.jenv/bin:/Users/kazemi/.pyenv/shims:/usr/local/bin:/usr/bin:/bin:/usr/sbin:/sbin:/Applications/VMware Fusion.app/Contents/Public:/usr/local/sbin:/usr/local/share/dotnet:~/.dotnet/tools:/Library/Apple/usr/bin:/Library/Frameworks/Mono.framework/Versions/Current/Commands:/Applications/Wireshark.app/Contents/MacOS:/opt/apache-maven/bin:/opt/apache-maven/bin, JENV_HOOK_PATH=, JAVA_HOME=/Users/kazemi/.jenv/versions/openjdk64-1.8.0.292, TERM=xterm-256color, LANG=en_US.UTF-8, JENV_VERSION=openjdk64-1.8.0.292, JENV_INSTALL_DIR=/usr/local/Cellar/jenv/0.5.6/libexec, NVM_INC=/Users/kazemi/.nvm/versions/node/v16.17.0/include/node, JENV_DIR=/Users/kazemi/Documents/es-delivery-user-migration/scim/gradle/wrapper, LOGNAME=kazemi, XPC_SERVICE_NAME=0, PWD=/Users/kazemi/Documents/es-delivery-user-migration/scim, TERM_PROGRAM_VERSION=445, JENV_ROOT=/Users/kazemi/.jenv, __CFBundleIdentifier=com.apple.Terminal, NVM_CD_FLAGS=-q, NVM_DIR=/Users/kazemi/.nvm, SHELL=/bin/zsh, JAVA_MAIN_CLASS_57177=org.gradle.wrapper.GradleWrapperMain, APP_ICON_57177=/Users/kazemi/Documents/es-delivery-user-migration/scim/media/gradle.icns, TERM_PROGRAM=Apple_Terminal, PAGER=less, LSCOLORS=Gxfxcxdxbxegedabagacad, JAVA_MAIN_CLASS_57290=worker.org.gradle.process.internal.worker.GradleWorkerMain, USER=kazemi, ZSH=/Users/kazemi/.oh-my-zsh, TMPDIR=/var/folders/tc/29mbk665549664wr71k0gz780000gp/T/, SSH_AUTH_SOCK=/private/tmp/com.apple.launchd.BhLYGAbOA8/Listeners, XPC_FLAGS=0x0, TERM_SESSION_ID=294585E7-B048-44CB-82E9-58485A63E6C5, APP_NAME_57177=Gradle, __CF_USER_TEXT_ENCODING=0x1F6:0x0:0x0, LESS=-R, JENV_SHELL=zsh, LS_COLORS=di=1;36:ln=35:so=32:pi=33:ex=31:bd=34;46:cd=34;43:su=30;41:sg=30;46:tw=30;42:ow=30;43, NVM_BIN=/Users/kazemi/.nvm/versions/node/v16.17.0/bin, SHLVL=1, HOME=/Users/kazemi, JENV_OPTIONS=, JENV_LOADED=1}}]
02:16:53.905 [Test worker] DEBUG org.springframework.core.io.support.PathMatchingResourcePatternResolver - Resolved classpath location [com/oktaice/scim/] to resources [URL [file:/Users/kazemi/Documents/es-delivery-user-migration/scim/build/classes/test/com/oktaice/scim/], URL [file:/Users/kazemi/Documents/es-delivery-user-migration/scim/build/classes/main/com/oktaice/scim/]]
02:16:53.906 [Test worker] DEBUG org.springframework.core.io.support.PathMatchingResourcePatternResolver - Looking for matching resources in directory tree [/Users/kazemi/Documents/es-delivery-user-migration/scim/build/classes/test/com/oktaice/scim]
02:16:53.906 [Test worker] DEBUG org.springframework.core.io.support.PathMatchingResourcePatternResolver - Searching directory [/Users/kazemi/Documents/es-delivery-user-migration/scim/build/classes/test/com/oktaice/scim] for files matching pattern [/Users/kazemi/Documents/es-delivery-user-migration/scim/build/classes/test/com/oktaice/scim/*.class]
02:16:53.909 [Test worker] DEBUG org.springframework.core.io.support.PathMatchingResourcePatternResolver - Looking for matching resources in directory tree [/Users/kazemi/Documents/es-delivery-user-migration/scim/build/classes/main/com/oktaice/scim]
02:16:53.909 [Test worker] DEBUG org.springframework.core.io.support.PathMatchingResourcePatternResolver - Searching directory [/Users/kazemi/Documents/es-delivery-user-migration/scim/build/classes/main/com/oktaice/scim] for files matching pattern [/Users/kazemi/Documents/es-delivery-user-migration/scim/build/classes/main/com/oktaice/scim/*.class]
02:16:53.910 [Test worker] DEBUG org.springframework.core.io.support.PathMatchingResourcePatternResolver - Resolved location pattern [classpath*:com/oktaice/scim/*.class] to resources [file [/Users/kazemi/Documents/es-delivery-user-migration/scim/build/classes/test/com/oktaice/scim/ScimServerApplicationTests.class], file [/Users/kazemi/Documents/es-delivery-user-migration/scim/build/classes/test/com/oktaice/scim/ScimUserTest.class], file [/Users/kazemi/Documents/es-delivery-user-migration/scim/build/classes/main/com/oktaice/scim/ScimServerApplication.class]]
02:16:53.948 [Test worker] DEBUG org.springframework.context.annotation.ClassPathScanningCandidateComponentProvider - Identified candidate component class: file [/Users/kazemi/Documents/es-delivery-user-migration/scim/build/classes/main/com/oktaice/scim/ScimServerApplication.class]
02:16:53.949 [Test worker] INFO org.springframework.boot.test.context.SpringBootTestContextBootstrapper - Found @SpringBootConfiguration com.oktaice.scim.ScimServerApplication for test class com.oktaice.scim.ScimServerApplicationTests
02:16:53.953 [Test worker] DEBUG org.springframework.boot.test.context.SpringBootTestContextBootstrapper - @TestExecutionListeners is not present for class [com.oktaice.scim.ScimServerApplicationTests]: using defaults.
02:16:53.955 [Test worker] INFO org.springframework.boot.test.context.SpringBootTestContextBootstrapper - Loaded default TestExecutionListener class names from location [META-INF/spring.factories]: [org.springframework.security.test.context.support.WithSecurityContextTestExecutionListener, org.springframework.boot.test.mock.mockito.MockitoTestExecutionListener, org.springframework.boot.test.mock.mockito.ResetMocksTestExecutionListener, org.springframework.boot.test.autoconfigure.restdocs.RestDocsTestExecutionListener, org.springframework.boot.test.autoconfigure.web.client.MockRestServiceServerResetTestExecutionListener, org.springframework.boot.test.autoconfigure.web.servlet.MockMvcPrintOnlyOnFailureTestExecutionListener, org.springframework.boot.test.autoconfigure.web.servlet.WebDriverTestExecutionListener, org.springframework.test.context.web.ServletTestExecutionListener, org.springframework.test.context.support.DirtiesContextBeforeModesTestExecutionListener, org.springframework.test.context.support.DependencyInjectionTestExecutionListener, org.springframework.test.context.support.DirtiesContextTestExecutionListener, org.springframework.test.context.transaction.TransactionalTestExecutionListener, org.springframework.test.context.jdbc.SqlScriptsTestExecutionListener]
02:16:53.977 [Test worker] INFO org.springframework.boot.test.context.SpringBootTestContextBootstrapper - Using TestExecutionListeners: [org.springframework.test.context.web.ServletTestExecutionListener@2543030d, org.springframework.test.context.support.DirtiesContextBeforeModesTestExecutionListener@d7295ca, org.springframework.boot.test.autoconfigure.SpringBootDependencyInjectionTestExecutionListener@24b3afc0, org.springframework.test.context.support.DirtiesContextTestExecutionListener@71e9b532, org.springframework.test.context.transaction.TransactionalTestExecutionListener@4c8f8b69, org.springframework.test.context.jdbc.SqlScriptsTestExecutionListener@554a9bf7, org.springframework.security.test.context.support.WithSecurityContextTestExecutionListener@6c3ef331, org.springframework.boot.test.mock.mockito.ResetMocksTestExecutionListener@50428ba1, org.springframework.boot.test.mock.mockito.MockitoTestExecutionListener@60a68603, org.springframework.boot.test.autoconfigure.web.client.MockRestServiceServerResetTestExecutionListener@61322cc3, org.springframework.boot.test.autoconfigure.restdocs.RestDocsTestExecutionListener@7a8eecaf, org.springframework.boot.test.autoconfigure.web.servlet.WebDriverTestExecutionListener@3e556fdc, org.springframework.boot.test.autoconfigure.web.servlet.MockMvcPrintOnlyOnFailureTestExecutionListener@6a17608b]
02:16:53.978 [Test worker] DEBUG org.springframework.test.annotation.ProfileValueUtils - Retrieved @ProfileValueSourceConfiguration [null] for test class [com.oktaice.scim.ScimServerApplicationTests]
02:16:53.979 [Test worker] DEBUG org.springframework.test.annotation.ProfileValueUtils - Retrieved ProfileValueSource type [class org.springframework.test.annotation.SystemProfileValueSource] for class [com.oktaice.scim.ScimServerApplicationTests]
02:16:53.979 [Test worker] DEBUG org.springframework.test.annotation.ProfileValueUtils - Retrieved @ProfileValueSourceConfiguration [null] for test class [com.oktaice.scim.ScimServerApplicationTests]
02:16:53.979 [Test worker] DEBUG org.springframework.test.annotation.ProfileValueUtils - Retrieved ProfileValueSource type [class org.springframework.test.annotation.SystemProfileValueSource] for class [com.oktaice.scim.ScimServerApplicationTests]
02:16:53.981 [Test worker] DEBUG org.springframework.test.context.support.AbstractDirtiesContextTestExecutionListener - Before test class: context [DefaultTestContext@2b6f3bc7 testClass = ScimServerApplicationTests, testInstance = [null], testMethod = [null], testException = [null], mergedContextConfiguration = [WebMergedContextConfiguration@1b58ff2b testClass = ScimServerApplicationTests, locations = '{}', classes = '{class com.oktaice.scim.ScimServerApplication}', contextInitializerClasses = '[]', activeProfiles = '{}', propertySourceLocations = '{}', propertySourceProperties = '{org.springframework.boot.test.context.SpringBootTestContextBootstrapper=true}', contextCustomizers = set[org.springframework.boot.test.context.SpringBootTestContextCustomizer@1c9a0c12, org.springframework.boot.test.context.filter.ExcludeFilterContextCustomizer@40eb78b5, org.springframework.boot.test.json.DuplicateJsonObjectContextCustomizerFactory$DuplicateJsonObjectContextCustomizer@14c99c57, org.springframework.boot.test.mock.mockito.MockitoContextCustomizer@0, org.springframework.boot.test.autoconfigure.properties.PropertyMappingContextCustomizer@0, org.springframework.boot.test.autoconfigure.web.servlet.WebDriverContextCustomizerFactory$Customizer@2e60c662], resourceBasePath = 'src/main/webapp', contextLoader = 'org.springframework.boot.test.context.SpringBootContextLoader', parent = [null]]], class annotated with @DirtiesContext [false] with mode [null].
02:16:53.982 [Test worker] DEBUG org.springframework.test.annotation.ProfileValueUtils - Retrieved @ProfileValueSourceConfiguration [null] for test class [com.oktaice.scim.ScimServerApplicationTests]
02:16:53.982 [Test worker] DEBUG org.springframework.test.annotation.ProfileValueUtils - Retrieved ProfileValueSource type [class org.springframework.test.annotation.SystemProfileValueSource] for class [com.oktaice.scim.ScimServerApplicationTests]
02:16:54.032 [Test worker] DEBUG org.springframework.core.env.StandardEnvironment - Adding PropertySource 'systemProperties' with lowest search precedence
02:16:54.032 [Test worker] DEBUG org.springframework.core.env.StandardEnvironment - Adding PropertySource 'systemEnvironment' with lowest search precedence
02:16:54.032 [Test worker] DEBUG org.springframework.core.env.StandardEnvironment - Initialized StandardEnvironment with PropertySources [MapPropertySource@1183181926 {name='systemProperties', properties={java.runtime.name=OpenJDK Runtime Environment, sun.boot.library.path=/Library/Java/JavaVirtualMachines/adoptopenjdk-8.jdk/Contents/Home/jre/lib, java.vm.version=25.292-b10, gopherProxySet=false, java.vm.vendor=AdoptOpenJDK, java.vendor.url=https://adoptopenjdk.net/, path.separator=:, java.vm.name=OpenJDK 64-Bit Server VM, file.encoding.pkg=sun.io, sun.java.launcher=SUN_STANDARD, user.country=US, sun.os.patch.level=unknown, java.vm.specification.name=Java Virtual Machine Specification, user.dir=/Users/kazemi/Documents/es-delivery-user-migration/scim, java.runtime.version=1.8.0_292-b10, java.awt.graphicsenv=sun.awt.CGraphicsEnvironment, java.endorsed.dirs=/Library/Java/JavaVirtualMachines/adoptopenjdk-8.jdk/Contents/Home/jre/lib/endorsed, os.arch=x86_64, java.io.tmpdir=/var/folders/tc/29mbk665549664wr71k0gz780000gp/T/, line.separator=
, java.vm.specification.vendor=Oracle Corporation, user.variant=, os.name=Mac OS X, sun.jnu.encoding=UTF-8, java.library.path=/Users/kazemi/Library/Java/Extensions:/Library/Java/Extensions:/Network/Library/Java/Extensions:/System/Library/Java/Extensions:/usr/lib/java:., java.specification.name=Java Platform API Specification, java.class.version=52.0, sun.management.compiler=HotSpot 64-Bit Tiered Compilers, os.version=10.16, user.home=/Users/kazemi, user.timezone=America/Los_Angeles, java.awt.printerjob=sun.lwawt.macosx.CPrinterJob, file.encoding=UTF-8, java.specification.version=1.8, java.class.path=/Users/kazemi/Documents/es-delivery-user-migration/scim/build/classes/test:/Users/kazemi/Documents/es-delivery-user-migration/scim/build/resources/test:/Users/kazemi/Documents/es-delivery-user-migration/scim/build/classes/main:/Users/kazemi/Documents/es-delivery-user-migration/scim/build/resources/main:/Users/kazemi/.gradle/caches/modules-2/files-2.1/org.springframework.boot/spring-boot-starter-actuator/1.5.8.RELEASE/927c40a1af518dc240dfdf7aaf0a9673c3a127c5/spring-boot-starter-actuator-1.5.8.RELEASE.jar:/Users/kazemi/.gradle/caches/modules-2/files-2.1/org.springframework.boot/spring-boot-starter-data-jpa/1.5.8.RELEASE/55bb5e8aea5707f79ee9888ad75261a7b7df4654/spring-boot-starter-data-jpa-1.5.8.RELEASE.jar:/Users/kazemi/.gradle/caches/modules-2/files-2.1/org.springframework.boot/spring-boot-starter-security/1.5.8.RELEASE/1f143627e30e74244e83223a5a9347c95a2dafbc/spring-boot-starter-security-1.5.8.RELEASE.jar:/Users/kazemi/.gradle/caches/modules-2/files-2.1/org.springframework.boot/spring-boot-starter-thymeleaf/1.5.8.RELEASE/255b749537ca0fa48adeb0c15cf48734b9ffcf5e/spring-boot-starter-thymeleaf-1.5.8.RELEASE.jar:/Users/kazemi/.gradle/caches/modules-2/files-2.1/org.springframework.boot/spring-boot-starter-web/1.5.8.RELEASE/7e0dc79e3b47be4539ad3c033639133ae6b7a17e/spring-boot-starter-web-1.5.8.RELEASE.jar:/Users/kazemi/.gradle/caches/modules-2/files-2.1/org.springframework/spring-web/4.3.12.RELEASE/86c29588cca74d0fc848b194cb13fcdfd12bc990/spring-web-4.3.12.RELEASE.jar:/Users/kazemi/.gradle/caches/modules-2/files-2.1/org.springframework.boot/spring-boot-devtools/1.5.8.RELEASE/ea212262e3ae47e76fa176358fcf9ee2780b80da/spring-boot-devtools-1.5.8.RELEASE.jar:/Users/kazemi/.gradle/caches/modules-2/files-2.1/org.hsqldb/hsqldb/2.3.5/4f97fcbc10fecf6f048c3b65683781d031b9155e/hsqldb-2.3.5.jar:/Users/kazemi/.gradle/caches/modules-2/files-2.1/org.springframework.boot/spring-boot-starter-test/1.5.8.RELEASE/20b767f594924b32950286f1236ab7d68ff861f9/spring-boot-starter-test-1.5.8.RELEASE.jar:/Users/kazemi/.gradle/caches/modules-2/files-2.1/org.springframework.security/spring-security-test/4.2.3.RELEASE/f93339f597290d85a596f25a7841b9109b79ced6/spring-security-test-4.2.3.RELEASE.jar:/Users/kazemi/.gradle/caches/modules-2/files-2.1/org.springframework.boot/spring-boot-starter/1.5.8.RELEASE/18048efe1f06569022a53cc3fb2fe9c0162935a3/spring-boot-starter-1.5.8.RELEASE.jar:/Users/kazemi/.gradle/caches/modules-2/files-2.1/org.springframework.boot/spring-boot-actuator/1.5.8.RELEASE/aac530fe877ed91c92831019755c49f29b08e6/spring-boot-actuator-1.5.8.RELEASE.jar:/Users/kazemi/.gradle/caches/modules-2/files-2.1/org.springframework.boot/spring-boot-starter-aop/1.5.8.RELEASE/9bc9a40e0718726ed48f6becc509b2d186f1ebcc/spring-boot-starter-aop-1.5.8.RELEASE.jar:/Users/kazemi/.gradle/caches/modules-2/files-2.1/org.springframework.boot/spring-boot-starter-jdbc/1.5.8.RELEASE/fc98631eba9817c920b9ac1c5845214f49637a33/spring-boot-starter-jdbc-1.5.8.RELEASE.jar:/Users/kazemi/.gradle/caches/modules-2/files-2.1/org.hibernate/hibernate-core/5.0.12.Final/e58bf1c660e6706d8e2cbb53bae110f574366102/hibernate-core-5.0.12.Final.jar:/Users/kazemi/.gradle/caches/modules-2/files-2.1/org.hibernate/hibernate-entitymanager/5.0.12.Final/302a526f5058290e9cbd719a5caf9f248d344719/hibernate-entitymanager-5.0.12.Final.jar:/Users/kazemi/.gradle/caches/modules-2/files-2.1/javax.transaction/javax.transaction-api/1.2/d81aff979d603edd90dcd8db2abc1f4ce6479e3e/javax.transaction-api-1.2.jar:/Users/kazemi/.gradle/caches/modules-2/files-2.1/org.springframework.data/spring-data-jpa/1.11.8.RELEASE/d674b8407de3d2998c106557fd6a6665de2bc217/spring-data-jpa-1.11.8.RELEASE.jar:/Users/kazemi/.gradle/caches/modules-2/files-2.1/org.springframework/spring-aspects/4.3.12.RELEASE/b0002bfdd0d58f09fc178afc5f2d0553ff117840/spring-aspects-4.3.12.RELEASE.jar:/Users/kazemi/.gradle/caches/modules-2/files-2.1/org.springframework/spring-aop/4.3.12.RELEASE/b3fef085902993c2ef874c45c7bfd79296d5a5a4/spring-aop-4.3.12.RELEASE.jar:/Users/kazemi/.gradle/caches/modules-2/files-2.1/org.springframework.security/spring-security-config/4.2.3.RELEASE/9f3771903616e33521836fd999d63efbfebf90d/spring-security-config-4.2.3.RELEASE.jar:/Users/kazemi/.gradle/caches/modules-2/files-2.1/org.springframework.security/spring-security-web/4.2.3.RELEASE/7a03e737484ca232d7146852f06d067ac21427ac/spring-security-web-4.2.3.RELEASE.jar:/Users/kazemi/.gradle/caches/modules-2/files-2.1/org.thymeleaf/thymeleaf-spring4/2.1.5.RELEASE/74cb9028e99597b5d71a98e919fd531a7fc290b4/thymeleaf-spring4-2.1.5.RELEASE.jar:/Users/kazemi/.gradle/caches/modules-2/files-2.1/nz.net.ultraq.thymeleaf/thymeleaf-layout-dialect/1.4.0/8d7810c069ed1534b9631fb1e85c35973546086/thymeleaf-layout-dialect-1.4.0.jar:/Users/kazemi/.gradle/caches/modules-2/files-2.1/org.springframework.boot/spring-boot-starter-tomcat/1.5.8.RELEASE/cf3b7eb7e192a60ab1dd09e4f8bce82710a5feb0/spring-boot-starter-tomcat-1.5.8.RELEASE.jar:/Users/kazemi/.gradle/caches/modules-2/files-2.1/org.hibernate/hibernate-validator/5.3.5.Final/622a9bcef2eed6d41b5b8e0662c36212009e375/hibernate-validator-5.3.5.Final.jar:/Users/kazemi/.gradle/caches/modules-2/files-2.1/com.fasterxml.jackson.core/jackson-databind/2.8.10/f7b83cb2bc4b88d53961e749e1ad32f49ef017b7/jackson-databind-2.8.10.jar:/Users/kazemi/.gradle/caches/modules-2/files-2.1/org.springframework/spring-webmvc/4.3.12.RELEASE/986e5dcd4435e780f6be64f8185eaa51523cf851/spring-webmvc-4.3.12.RELEASE.jar:/Users/kazemi/.gradle/caches/modules-2/files-2.1/org.springframework/spring-beans/4.3.12.RELEASE/547dd432d47d0f01d9ccbedc4b705f9f7c1240a/spring-beans-4.3.12.RELEASE.jar:/Users/kazemi/.gradle/caches/modules-2/files-2.1/org.springframework/spring-context/4.3.12.RELEASE/5e6d26f36636f36b7efec1d6a0c5991284fbd95b/spring-context-4.3.12.RELEASE.jar:/Users/kazemi/.gradle/caches/modules-2/files-2.1/org.springframework/spring-core/4.3.12.RELEASE/4cebc69478c6d350dbd5af28e3db7d5694f416e3/spring-core-4.3.12.RELEASE.jar:/Users/kazemi/.gradle/caches/modules-2/files-2.1/org.springframework.boot/spring-boot/1.5.8.RELEASE/748ebde51761e12627ad23d064024f342b18f9b4/spring-boot-1.5.8.RELEASE.jar:/Users/kazemi/.gradle/caches/modules-2/files-2.1/org.springframework.boot/spring-boot-autoconfigure/1.5.8.RELEASE/e4f2efa4c319f4e3613d94fbccfdb5ccda6873e3/spring-boot-autoconfigure-1.5.8.RELEASE.jar:/Users/kazemi/.gradle/caches/modules-2/files-2.1/org.springframework.boot/spring-boot-test/1.5.8.RELEASE/17dedee86d1a9e9bd409d715fd90650ca1049659/spring-boot-test-1.5.8.RELEASE.jar:/Users/kazemi/.gradle/caches/modules-2/files-2.1/org.springframework.boot/spring-boot-test-autoconfigure/1.5.8.RELEASE/a8f986cc4b6ecef1417fe50c20984f12f54d15cc/spring-boot-test-autoconfigure-1.5.8.RELEASE.jar:/Users/kazemi/.gradle/caches/modules-2/files-2.1/com.jayway.jsonpath/json-path/2.2.0/22290d17944bd239fabf5ac69005a60a7ecbbbcb/json-path-2.2.0.jar:/Users/kazemi/.gradle/caches/modules-2/files-2.1/junit/junit/4.12/2973d150c0dc1fefe998f834810d68f278ea58ec/junit-4.12.jar:/Users/kazemi/.gradle/caches/modules-2/files-2.1/org.assertj/assertj-core/2.6.0/b532c3fc4f66bcfee4989a3514f1cd56203a33ad/assertj-core-2.6.0.jar:/Users/kazemi/.gradle/caches/modules-2/files-2.1/org.mockito/mockito-core/1.10.19/e8546f5bef4e061d8dd73895b4e8f40e3fe6effe/mockito-core-1.10.19.jar:/Users/kazemi/.gradle/caches/modules-2/files-2.1/org.hamcrest/hamcrest-core/1.3/42a25dc3219429f0e5d060061f71acb49bf010a0/hamcrest-core-1.3.jar:/Users/kazemi/.gradle/caches/modules-2/files-2.1/org.hamcrest/hamcrest-library/1.3/4785a3c21320980282f9f33d0d1264a69040538f/hamcrest-library-1.3.jar:/Users/kazemi/.gradle/caches/modules-2/files-2.1/org.skyscreamer/jsonassert/1.4.0/9cdbb373a06f6513e51e8c545ee6a5e981463edb/jsonassert-1.4.0.jar:/Users/kazemi/.gradle/caches/modules-2/files-2.1/org.springframework/spring-test/4.3.12.RELEASE/825a7ac1014528db722a6cc94cceaef2410cb314/spring-test-4.3.12.RELEASE.jar:/Users/kazemi/.gradle/caches/modules-2/files-2.1/org.springframework.security/spring-security-core/4.2.3.RELEASE/5c0e47a47036c94d6fdd02696bf52be6d1adbd4d/spring-security-core-4.2.3.RELEASE.jar:/Users/kazemi/.gradle/caches/modules-2/files-2.1/org.springframework.boot/spring-boot-starter-logging/1.5.8.RELEASE/ebc00a0e46753d90431fdcc5e3d6b9fd3bf1564a/spring-boot-starter-logging-1.5.8.RELEASE.jar:/Users/kazemi/.gradle/caches/modules-2/files-2.1/org.yaml/snakeyaml/1.17/7a27ea250c5130b2922b86dea63cbb1cc10a660c/snakeyaml-1.17.jar:/Users/kazemi/.gradle/caches/modules-2/files-2.1/org.aspectj/aspectjweaver/1.8.11/9807e0e13c8a295f15882721db50fa3d142c44a9/aspectjweaver-1.8.11.jar:/Users/kazemi/.gradle/caches/modules-2/files-2.1/org.apache.tomcat/tomcat-jdbc/8.5.23/6036400a8f2d90dd3ae3a4d09e5136c56002887b/tomcat-jdbc-8.5.23.jar:/Users/kazemi/.gradle/caches/modules-2/files-2.1/org.springframework/spring-jdbc/4.3.12.RELEASE/5c840abbdc1a1dfd0f79c4a4c25eac0c98e6af22/spring-jdbc-4.3.12.RELEASE.jar:/Users/kazemi/.gradle/caches/modules-2/files-2.1/org.jboss.logging/jboss-logging/3.3.1.Final/c46217ab74b532568c0ed31dc599db3048bd1b67/jboss-logging-3.3.1.Final.jar:/Users/kazemi/.gradle/caches/modules-2/files-2.1/org.hibernate.javax.persistence/hibernate-jpa-2.1-api/1.0.0.Final/5e731d961297e5a07290bfaf3db1fbc8bbbf405a/hibernate-jpa-2.1-api-1.0.0.Final.jar:/Users/kazemi/.gradle/caches/modules-2/files-2.1/org.javassist/javassist/3.21.0-GA/598244f595db5c5fb713731eddbb1c91a58d959b/javassist-3.21.0-GA.jar:/Users/kazemi/.gradle/caches/modules-2/files-2.1/antlr/antlr/2.7.7/83cd2cd674a217ade95a4bb83a8a14f351f48bd0/antlr-2.7.7.jar:/Users/kazemi/.gradle/caches/modules-2/files-2.1/org.jboss/jandex/2.0.0.Final/3e899258936f94649c777193e1be846387ed54b3/jandex-2.0.0.Final.jar:/Users/kazemi/.gradle/caches/modules-2/files-2.1/dom4j/dom4j/1.6.1/5d3ccc056b6f056dbf0dddfdf43894b9065a8f94/dom4j-1.6.1.jar:/Users/kazemi/.gradle/caches/modules-2/files-2.1/org.hibernate.common/hibernate-commons-annotations/5.0.1.Final/71e1cff3fcb20d3b3af4f3363c3ddb24d33c6879/hibernate-commons-annotations-5.0.1.Final.jar:/Users/kazemi/.gradle/caches/modules-2/files-2.1/org.springframework.data/spring-data-commons/1.13.8.RELEASE/2853e3c38e02d42529f6c8b247d7bace40c25642/spring-data-commons-1.13.8.RELEASE.jar:/Users/kazemi/.gradle/caches/modules-2/files-2.1/org.springframework/spring-orm/4.3.12.RELEASE/47bbe35a92944aeedf06a388098581272f8db9bd/spring-orm-4.3.12.RELEASE.jar:/Users/kazemi/.gradle/caches/modules-2/files-2.1/org.springframework/spring-tx/4.3.12.RELEASE/7147b6839b2bf9db3621b79c73b4dddbe69572b6/spring-tx-4.3.12.RELEASE.jar:/Users/kazemi/.gradle/caches/modules-2/files-2.1/org.slf4j/slf4j-api/1.7.25/da76ca59f6a57ee3102f8f9bd9cee742973efa8a/slf4j-api-1.7.25.jar:/Users/kazemi/.gradle/caches/modules-2/files-2.1/org.slf4j/jcl-over-slf4j/1.7.25/f8c32b13ff142a513eeb5b6330b1588dcb2c0461/jcl-over-slf4j-1.7.25.jar:/Users/kazemi/.gradle/caches/modules-2/files-2.1/aopalliance/aopalliance/1.0/235ba8b489512805ac13a8f9ea77a1ca5ebe3e8/aopalliance-1.0.jar:/Users/kazemi/.gradle/caches/modules-2/files-2.1/org.springframework/spring-expression/4.3.12.RELEASE/790f69f6ad7f9da8d4a92c603ad7244c398c8309/spring-expression-4.3.12.RELEASE.jar:/Users/kazemi/.gradle/caches/modules-2/files-2.1/org.thymeleaf/thymeleaf/2.1.5.RELEASE/513bffa3daaac277460c1a0a2dccb228fa40569e/thymeleaf-2.1.5.RELEASE.jar:/Users/kazemi/.gradle/caches/modules-2/files-2.1/org.codehaus.groovy/groovy/2.4.12/a43be367110c491787219f1c128b5b5fc54f1e70/groovy-2.4.12.jar:/Users/kazemi/.gradle/caches/modules-2/files-2.1/org.apache.tomcat.embed/tomcat-embed-core/8.5.23/79261793a47f507890ee08f749b9d81774e4f7f0/tomcat-embed-core-8.5.23.jar:/Users/kazemi/.gradle/caches/modules-2/files-2.1/org.apache.tomcat.embed/tomcat-embed-el/8.5.23/98d979cde444dffa6d434c8377d0123b2dfa614c/tomcat-embed-el-8.5.23.jar:/Users/kazemi/.gradle/caches/modules-2/files-2.1/org.apache.tomcat.embed/tomcat-embed-websocket/8.5.23/52f07abcae10dc7e1764304b0877def175c2c833/tomcat-embed-websocket-8.5.23.jar:/Users/kazemi/.gradle/caches/modules-2/files-2.1/javax.validation/validation-api/1.1.0.Final/8613ae82954779d518631e05daa73a6a954817d5/validation-api-1.1.0.Final.jar:/Users/kazemi/.gradle/caches/modules-2/files-2.1/com.fasterxml/classmate/1.3.4/3d5f48f10bbe4eb7bd862f10c0583be2e0053c6/classmate-1.3.4.jar:/Users/kazemi/.gradle/caches/modules-2/files-2.1/com.fasterxml.jackson.core/jackson-annotations/2.8.0/45b426f7796b741035581a176744d91090e2e6fb/jackson-annotations-2.8.0.jar:/Users/kazemi/.gradle/caches/modules-2/files-2.1/com.fasterxml.jackson.core/jackson-core/2.8.10/eb21a035c66ad307e66ec8fce37f5d50fd62d039/jackson-core-2.8.10.jar:/Users/kazemi/.gradle/caches/modules-2/files-2.1/net.minidev/json-smart/2.2.1/5b9e5df7a62d1279b70dc882b041d249c4f0b002/json-smart-2.2.1.jar:/Users/kazemi/.gradle/caches/modules-2/files-2.1/org.objenesis/objenesis/2.1/87c0ea803b69252868d09308b4618f766f135a96/objenesis-2.1.jar:/Users/kazemi/.gradle/caches/modules-2/files-2.1/com.vaadin.external.google/android-json/0.0.20131108.vaadin1/fa26d351fe62a6a17f5cda1287c1c6110dec413f/android-json-0.0.20131108.vaadin1.jar:/Users/kazemi/.gradle/caches/modules-2/files-2.1/ch.qos.logback/logback-classic/1.1.11/ccedfbacef4a6515d2983e3f89ed753d5d4fb665/logback-classic-1.1.11.jar:/Users/kazemi/.gradle/caches/modules-2/files-2.1/org.slf4j/jul-to-slf4j/1.7.25/af5364cd6679bfffb114f0dec8a157aaa283b76/jul-to-slf4j-1.7.25.jar:/Users/kazemi/.gradle/caches/modules-2/files-2.1/org.slf4j/log4j-over-slf4j/1.7.25/a87bb47468f47ee7aabbd54f93e133d4215769c3/log4j-over-slf4j-1.7.25.jar:/Users/kazemi/.gradle/caches/modules-2/files-2.1/org.apache.tomcat/tomcat-juli/8.5.23/98e7f0610b7b2fb8303f11be0210e3f5a56a7d55/tomcat-juli-8.5.23.jar:/Users/kazemi/.gradle/caches/modules-2/files-2.1/ognl/ognl/3.0.8/37e1aebfde7eb7baebc9ad4f85116ef9009c5fc5/ognl-3.0.8.jar:/Users/kazemi/.gradle/caches/modules-2/files-2.1/org.unbescape/unbescape/1.1.0.RELEASE/ab0db4fe0a6fa89fb8da2a40008a4e63a7f3f5b9/unbescape-1.1.0.RELEASE.jar:/Users/kazemi/.gradle/caches/modules-2/files-2.1/org.apache.tomcat/tomcat-annotations-api/8.5.23/aaf17df9fe0240e9e9d5375d24d5f177174b73d9/tomcat-annotations-api-8.5.23.jar:/Users/kazemi/.gradle/caches/modules-2/files-2.1/net.minidev/accessors-smart/1.1/a527213f2fea112a04c9bdf0ec0264e34104cd08/accessors-smart-1.1.jar:/Users/kazemi/.gradle/caches/modules-2/files-2.1/ch.qos.logback/logback-core/1.1.11/88b8df40340eed549fb07e2613879bf6b006704d/logback-core-1.1.11.jar:/Users/kazemi/.gradle/caches/modules-2/files-2.1/org.ow2.asm/asm/5.0.3/dcc2193db20e19e1feca8b1240dbbc4e190824fa/asm-5.0.3.jar, user.name=kazemi, java.vm.specification.version=1.8, sun.java.command=worker.org.gradle.process.internal.worker.GradleWorkerMain 'Gradle Test Executor 1', java.home=/Library/Java/JavaVirtualMachines/adoptopenjdk-8.jdk/Contents/Home/jre, sun.arch.data.model=64, user.language=en, java.specification.vendor=Oracle Corporation, awt.toolkit=sun.lwawt.macosx.LWCToolkit, java.vm.info=mixed mode, java.version=1.8.0_292, java.ext.dirs=/Users/kazemi/Library/Java/Extensions:/Library/Java/JavaVirtualMachines/adoptopenjdk-8.jdk/Contents/Home/jre/lib/ext:/Library/Java/Extensions:/Network/Library/Java/Extensions:/System/Library/Java/Extensions:/usr/lib/java, sun.boot.class.path=/Library/Java/JavaVirtualMachines/adoptopenjdk-8.jdk/Contents/Home/jre/lib/resources.jar:/Library/Java/JavaVirtualMachines/adoptopenjdk-8.jdk/Contents/Home/jre/lib/rt.jar:/Library/Java/JavaVirtualMachines/adoptopenjdk-8.jdk/Contents/Home/jre/lib/sunrsasign.jar:/Library/Java/JavaVirtualMachines/adoptopenjdk-8.jdk/Contents/Home/jre/lib/jsse.jar:/Library/Java/JavaVirtualMachines/adoptopenjdk-8.jdk/Contents/Home/jre/lib/jce.jar:/Library/Java/JavaVirtualMachines/adoptopenjdk-8.jdk/Contents/Home/jre/lib/charsets.jar:/Library/Java/JavaVirtualMachines/adoptopenjdk-8.jdk/Contents/Home/jre/lib/jfr.jar:/Library/Java/JavaVirtualMachines/adoptopenjdk-8.jdk/Contents/Home/jre/classes, java.vendor=AdoptOpenJDK, org.gradle.test.worker=1, file.separator=/, java.vendor.url.bug=https://github.com/AdoptOpenJDK/openjdk-support/issues, sun.io.unicode.encoding=UnicodeBig, sun.cpu.endian=little, sun.cpu.isalist=}}, SystemEnvironmentPropertySource@1862007202 {name='systemEnvironment', properties={PATH=/Users/kazemi/.jenv/versions/openjdk64-1.8.0.292/bin:/usr/local/Cellar/jenv/0.5.6/libexec/libexec:/Users/kazemi/.nvm/versions/node/v16.17.0/bin:/Users/kazemi/.jenv/shims:/Users/kazemi/.jenv/bin:/Users/kazemi/.pyenv/shims:/usr/local/bin:/usr/bin:/bin:/usr/sbin:/sbin:/Applications/VMware Fusion.app/Contents/Public:/usr/local/sbin:/usr/local/share/dotnet:~/.dotnet/tools:/Library/Apple/usr/bin:/Library/Frameworks/Mono.framework/Versions/Current/Commands:/Applications/Wireshark.app/Contents/MacOS:/opt/apache-maven/bin:/opt/apache-maven/bin, JENV_HOOK_PATH=, JAVA_HOME=/Users/kazemi/.jenv/versions/openjdk64-1.8.0.292, TERM=xterm-256color, LANG=en_US.UTF-8, JENV_VERSION=openjdk64-1.8.0.292, JENV_INSTALL_DIR=/usr/local/Cellar/jenv/0.5.6/libexec, NVM_INC=/Users/kazemi/.nvm/versions/node/v16.17.0/include/node, JENV_DIR=/Users/kazemi/Documents/es-delivery-user-migration/scim/gradle/wrapper, LOGNAME=kazemi, XPC_SERVICE_NAME=0, PWD=/Users/kazemi/Documents/es-delivery-user-migration/scim, TERM_PROGRAM_VERSION=445, JENV_ROOT=/Users/kazemi/.jenv, __CFBundleIdentifier=com.apple.Terminal, NVM_CD_FLAGS=-q, NVM_DIR=/Users/kazemi/.nvm, SHELL=/bin/zsh, JAVA_MAIN_CLASS_57177=org.gradle.wrapper.GradleWrapperMain, APP_ICON_57177=/Users/kazemi/Documents/es-delivery-user-migration/scim/media/gradle.icns, TERM_PROGRAM=Apple_Terminal, PAGER=less, LSCOLORS=Gxfxcxdxbxegedabagacad, JAVA_MAIN_CLASS_57290=worker.org.gradle.process.internal.worker.GradleWorkerMain, USER=kazemi, ZSH=/Users/kazemi/.oh-my-zsh, TMPDIR=/var/folders/tc/29mbk665549664wr71k0gz780000gp/T/, SSH_AUTH_SOCK=/private/tmp/com.apple.launchd.BhLYGAbOA8/Listeners, XPC_FLAGS=0x0, TERM_SESSION_ID=294585E7-B048-44CB-82E9-58485A63E6C5, APP_NAME_57177=Gradle, __CF_USER_TEXT_ENCODING=0x1F6:0x0:0x0, LESS=-R, JENV_SHELL=zsh, LS_COLORS=di=1;36:ln=35:so=32:pi=33:ex=31:bd=34;46:cd=34;43:su=30;41:sg=30;46:tw=30;42:ow=30;43, NVM_BIN=/Users/kazemi/.nvm/versions/node/v16.17.0/bin, SHLVL=1, HOME=/Users/kazemi, JENV_OPTIONS=, JENV_LOADED=1}}]
02:16:54.035 [Test worker] DEBUG org.springframework.core.env.MutablePropertySources - Adding PropertySource 'inline' with highest search precedence
02:16:54.043 [Test worker] DEBUG org.springframework.test.context.support.TestPropertySourceUtils - Adding inlined properties to environment: {spring.jmx.enabled=false, org.springframework.boot.test.context.SpringBootTestContextBootstrapper=true, server.port=-1}
02:16:54.043 [Test worker] DEBUG org.springframework.core.env.StandardEnvironment - Adding PropertySource 'Inlined Test Properties' with highest search precedence

  .   ____          _            __ _ _
 /\\ / ___'_ __ _ _(_)_ __  __ _ \ \ \ \
( ( )\___ | '_ | '_| | '_ \/ _` | \ \ \ \
 \\/  ___)| |_)| | | | | || (_| |  ) ) ) )
  '  |____| .__|_| |_|_| |_\__, | / / / /
 =========|_|==============|___/=/_/_/_/
 :: Spring Boot ::        (v1.5.8.RELEASE)

2023-03-31 02:16:54.293  INFO 57290 --- [    Test worker] c.o.scim.ScimServerApplicationTests      : Starting ScimServerApplicationTests on C02FM725ML85 with PID 57290 (started by kazemi in /Users/kazemi/Documents/es-delivery-user-migration/scim)
2023-03-31 02:16:54.293 DEBUG 57290 --- [    Test worker] c.o.scim.ScimServerApplicationTests      : Running with Spring Boot v1.5.8.RELEASE, Spring v4.3.12.RELEASE
2023-03-31 02:16:54.293  INFO 57290 --- [    Test worker] c.o.scim.ScimServerApplicationTests      : No active profile set, falling back to default profiles: default
2023-03-31 02:16:54.501  INFO 57290 --- [    Test worker] o.s.w.c.s.GenericWebApplicationContext   : Refreshing org.springframework.web.context.support.GenericWebApplicationContext@7a929eae: startup date [Fri Mar 31 02:16:54 PDT 2023]; root of context hierarchy
2023-03-31 02:16:56.534  INFO 57290 --- [    Test worker] hsqldb.db.HSQLDB5FC770BC44.ENGINE        : checkpointClose start
2023-03-31 02:16:56.534  INFO 57290 --- [    Test worker] hsqldb.db.HSQLDB5FC770BC44.ENGINE        : checkpointClose synched
2023-03-31 02:16:56.544  INFO 57290 --- [    Test worker] hsqldb.db.HSQLDB5FC770BC44.ENGINE        : checkpointClose script done
2023-03-31 02:16:56.552  INFO 57290 --- [    Test worker] hsqldb.db.HSQLDB5FC770BC44.ENGINE        : checkpointClose end
2023-03-31 02:16:56.623  INFO 57290 --- [    Test worker] j.LocalContainerEntityManagerFactoryBean : Building JPA container EntityManagerFactory for persistence unit 'default'
2023-03-31 02:16:56.640  INFO 57290 --- [    Test worker] o.hibernate.jpa.internal.util.LogHelper  : HHH000204: Processing PersistenceUnitInfo [
	name: default
	...]
2023-03-31 02:16:56.688  INFO 57290 --- [    Test worker] org.hibernate.Version                    : HHH000412: Hibernate Core {5.0.12.Final}
2023-03-31 02:16:56.690  INFO 57290 --- [    Test worker] org.hibernate.cfg.Environment            : HHH000206: hibernate.properties not found
2023-03-31 02:16:56.691  INFO 57290 --- [    Test worker] org.hibernate.cfg.Environment            : HHH000021: Bytecode provider name : javassist
2023-03-31 02:16:56.725  INFO 57290 --- [    Test worker] o.hibernate.annotations.common.Version   : HCANN000001: Hibernate Commons Annotations {5.0.1.Final}
2023-03-31 02:16:56.817  INFO 57290 --- [    Test worker] org.hibernate.dialect.Dialect            : HHH000400: Using dialect: org.hibernate.dialect.HSQLDialect
2023-03-31 02:16:57.277  INFO 57290 --- [    Test worker] o.h.tool.hbm2ddl.SchemaValidator         : HHH000229: Running schema validator
2023-03-31 02:16:57.352  INFO 57290 --- [    Test worker] j.LocalContainerEntityManagerFactoryBean : Initialized JPA EntityManagerFactory for persistence unit 'default'
2023-03-31 02:16:57.611  INFO 57290 --- [    Test worker] o.h.h.i.QueryTranslatorFactoryInitiator  : HHH000397: Using ASTQueryTranslatorFactory
2023-03-31 02:16:57.781  INFO 57290 --- [    Test worker] c.o.s.c.a.s.ScimGroupCompleteController  : Using ScimGroupCompleteController...
2023-03-31 02:16:57.787  INFO 57290 --- [    Test worker] c.o.s.c.a.s.ScimUserCompleteController   : Using ScimUserCompleteController...
2023-03-31 02:16:58.450  INFO 57290 --- [    Test worker] s.w.s.m.m.a.RequestMappingHandlerAdapter : Looking for @ControllerAdvice: org.springframework.web.context.support.GenericWebApplicationContext@7a929eae: startup date [Fri Mar 31 02:16:54 PDT 2023]; root of context hierarchy
2023-03-31 02:16:58.525  INFO 57290 --- [    Test worker] s.w.s.m.m.a.RequestMappingHandlerMapping : Mapped "{[/api/v1/groups/{groupId}],methods=[PUT]}" onto public java.util.Map com.oktaice.scim.controller.api.JsonGroupController.replaceGroup(java.util.Map<java.lang.String, java.lang.Object>,int,javax.servlet.http.HttpServletResponse)
2023-03-31 02:16:58.526  INFO 57290 --- [    Test worker] s.w.s.m.m.a.RequestMappingHandlerMapping : Mapped "{[/api/v1/groups/{groupId}],methods=[PATCH]}" onto public java.util.Map com.oktaice.scim.controller.api.JsonGroupController.updateGroup(java.util.Map<java.lang.String, java.lang.Object>,int,javax.servlet.http.HttpServletResponse)
2023-03-31 02:16:58.526  INFO 57290 --- [    Test worker] s.w.s.m.m.a.RequestMappingHandlerMapping : Mapped "{[/api/v1/groups/{groupId}],methods=[DELETE]}" onto public void com.oktaice.scim.controller.api.JsonGroupController.deleteGroup(int,javax.servlet.http.HttpServletResponse)
2023-03-31 02:16:58.526  INFO 57290 --- [    Test worker] s.w.s.m.m.a.RequestMappingHandlerMapping : Mapped "{[/api/v1/groups],methods=[GET]}" onto public java.util.Map com.oktaice.scim.controller.api.JsonGroupController.getGroups()
2023-03-31 02:16:58.526  INFO 57290 --- [    Test worker] s.w.s.m.m.a.RequestMappingHandlerMapping : Mapped "{[/api/v1/groups/{groupId}],methods=[GET]}" onto public java.util.Map com.oktaice.scim.controller.api.JsonGroupController.getGroup(int,javax.servlet.http.HttpServletResponse)
2023-03-31 02:16:58.527  INFO 57290 --- [    Test worker] s.w.s.m.m.a.RequestMappingHandlerMapping : Mapped "{[/api/v1/groups],methods=[POST]}" onto public java.util.Map com.oktaice.scim.controller.api.JsonGroupController.createGroup(java.util.Map<java.lang.String, java.lang.Object>,javax.servlet.http.HttpServletResponse)
2023-03-31 02:16:58.528  INFO 57290 --- [    Test worker] s.w.s.m.m.a.RequestMappingHandlerMapping : Mapped "{[/api/v1/users],methods=[POST]}" onto public java.util.Map com.oktaice.scim.controller.api.JsonUserController.createUser(java.util.Map<java.lang.String, java.lang.Object>,javax.servlet.http.HttpServletResponse)
2023-03-31 02:16:58.529  INFO 57290 --- [    Test worker] s.w.s.m.m.a.RequestMappingHandlerMapping : Mapped "{[/api/v1/users/{id}],methods=[PUT]}" onto public java.util.Map com.oktaice.scim.controller.api.JsonUserController.replaceUser(java.util.Map<java.lang.String, java.lang.Object>,int,javax.servlet.http.HttpServletResponse)
2023-03-31 02:16:58.529  INFO 57290 --- [    Test worker] s.w.s.m.m.a.RequestMappingHandlerMapping : Mapped "{[/api/v1/users/{id}],methods=[PATCH]}" onto public java.util.Map<java.lang.String, java.lang.Object> com.oktaice.scim.controller.api.JsonUserController.updateUser(java.util.Map<java.lang.String, java.lang.Object>,int,javax.servlet.http.HttpServletResponse)
2023-03-31 02:16:58.529  INFO 57290 --- [    Test worker] s.w.s.m.m.a.RequestMappingHandlerMapping : Mapped "{[/api/v1/users/{id}],methods=[DELETE]}" onto public void com.oktaice.scim.controller.api.JsonUserController.deleteUser(int,javax.servlet.http.HttpServletResponse)
2023-03-31 02:16:58.530  INFO 57290 --- [    Test worker] s.w.s.m.m.a.RequestMappingHandlerMapping : Mapped "{[/api/v1/users],methods=[GET]}" onto public java.util.Map<java.lang.String, java.lang.Object> com.oktaice.scim.controller.api.JsonUserController.getUsers()
2023-03-31 02:16:58.530  INFO 57290 --- [    Test worker] s.w.s.m.m.a.RequestMappingHandlerMapping : Mapped "{[/api/v1/users/{id}],methods=[GET]}" onto public java.util.Map com.oktaice.scim.controller.api.JsonUserController.getUser(int,javax.servlet.http.HttpServletResponse)
2023-03-31 02:16:58.532  INFO 57290 --- [    Test worker] s.w.s.m.m.a.RequestMappingHandlerMapping : Mapped "{[/scim/v2/ServiceProviderConfig],methods=[GET]}" onto public org.springframework.http.ResponseEntity<org.springframework.core.io.InputStreamResource> com.oktaice.scim.controller.api.scim.ScimBaseController.getServiceProviderConfig() throws java.io.IOException
2023-03-31 02:16:58.532  INFO 57290 --- [    Test worker] s.w.s.m.m.a.RequestMappingHandlerMapping : Mapped "{[/scim/v2/ResourceTypes],methods=[GET]}" onto public org.springframework.http.ResponseEntity<org.springframework.core.io.InputStreamResource> com.oktaice.scim.controller.api.scim.ScimBaseController.getResourceTypes() throws java.io.IOException
2023-03-31 02:16:58.532  INFO 57290 --- [    Test worker] s.w.s.m.m.a.RequestMappingHandlerMapping : Mapped "{[/scim/v2/Schemas],methods=[GET]}" onto public org.springframework.http.ResponseEntity<org.springframework.core.io.InputStreamResource> com.oktaice.scim.controller.api.scim.ScimBaseController.getSchemas() throws java.io.IOException
2023-03-31 02:16:58.536  INFO 57290 --- [    Test worker] s.w.s.m.m.a.RequestMappingHandlerMapping : Mapped "{[/scim/v2/Groups/{uuid}],methods=[PUT]}" onto public com.oktaice.scim.model.scim.ScimGroup com.oktaice.scim.controller.api.scim.ScimGroupCompleteController.replaceGroup(com.oktaice.scim.model.scim.ScimGroup,java.lang.String)
2023-03-31 02:16:58.537  INFO 57290 --- [    Test worker] s.w.s.m.m.a.RequestMappingHandlerMapping : Mapped "{[/scim/v2/Groups/{uuid}],methods=[PATCH]}" onto public com.oktaice.scim.model.scim.ScimGroup com.oktaice.scim.controller.api.scim.ScimGroupCompleteController.updateGroup(com.oktaice.scim.model.scim.ScimGroupPatchOp,java.lang.String)
2023-03-31 02:16:58.539  INFO 57290 --- [    Test worker] s.w.s.m.m.a.RequestMappingHandlerMapping : Mapped "{[/scim/v2/Groups/{uuid}],methods=[DELETE]}" onto public void com.oktaice.scim.controller.api.scim.ScimGroupCompleteController.deleteGroup(java.lang.String)
2023-03-31 02:16:58.539  INFO 57290 --- [    Test worker] s.w.s.m.m.a.RequestMappingHandlerMapping : Mapped "{[/scim/v2/Groups],methods=[GET]}" onto public com.oktaice.scim.model.scim.ScimListResponse com.oktaice.scim.controller.api.scim.ScimGroupCompleteController.getGroups(com.oktaice.scim.model.scim.support.ScimPageFilter)
2023-03-31 02:16:58.540  INFO 57290 --- [    Test worker] s.w.s.m.m.a.RequestMappingHandlerMapping : Mapped "{[/scim/v2/Groups/{uuid}],methods=[GET]}" onto public com.oktaice.scim.model.scim.ScimGroup com.oktaice.scim.controller.api.scim.ScimGroupCompleteController.getGroup(java.lang.String)
2023-03-31 02:16:58.541  INFO 57290 --- [    Test worker] s.w.s.m.m.a.RequestMappingHandlerMapping : Mapped "{[/scim/v2/Groups],methods=[POST]}" onto public com.oktaice.scim.model.scim.ScimGroup com.oktaice.scim.controller.api.scim.ScimGroupCompleteController.createGroup(com.oktaice.scim.model.scim.ScimGroup)
2023-03-31 02:16:58.542  INFO 57290 --- [    Test worker] s.w.s.m.m.a.RequestMappingHandlerMapping : Mapped "{[/scim/v2/Groups/ServiceProviderConfig],methods=[GET]}" onto public org.springframework.http.ResponseEntity<org.springframework.core.io.InputStreamResource> com.oktaice.scim.controller.api.scim.ScimBaseController.getServiceProviderConfig() throws java.io.IOException
2023-03-31 02:16:58.543  INFO 57290 --- [    Test worker] s.w.s.m.m.a.RequestMappingHandlerMapping : Mapped "{[/scim/v2/Groups/ResourceTypes],methods=[GET]}" onto public org.springframework.http.ResponseEntity<org.springframework.core.io.InputStreamResource> com.oktaice.scim.controller.api.scim.ScimBaseController.getResourceTypes() throws java.io.IOException
2023-03-31 02:16:58.543  INFO 57290 --- [    Test worker] s.w.s.m.m.a.RequestMappingHandlerMapping : Mapped "{[/scim/v2/Groups/Schemas],methods=[GET]}" onto public org.springframework.http.ResponseEntity<org.springframework.core.io.InputStreamResource> com.oktaice.scim.controller.api.scim.ScimBaseController.getSchemas() throws java.io.IOException
2023-03-31 02:16:58.548  INFO 57290 --- [    Test worker] s.w.s.m.m.a.RequestMappingHandlerMapping : Mapped "{[/scim/v2/Users],methods=[POST]}" onto public com.oktaice.scim.model.scim.ScimUser com.oktaice.scim.controller.api.scim.ScimUserCompleteController.createUser(com.oktaice.scim.model.scim.ScimUser)
2023-03-31 02:16:58.549  INFO 57290 --- [    Test worker] s.w.s.m.m.a.RequestMappingHandlerMapping : Mapped "{[/scim/v2/Users/{uuid}],methods=[PUT]}" onto public com.oktaice.scim.model.scim.ScimOktaIceUser com.oktaice.scim.controller.api.scim.ScimUserCompleteController.replaceUser(com.oktaice.scim.model.scim.ScimUser,java.lang.String)
2023-03-31 02:16:58.549  INFO 57290 --- [    Test worker] s.w.s.m.m.a.RequestMappingHandlerMapping : Mapped "{[/scim/v2/Users/{uuid}],methods=[PATCH]}" onto public com.oktaice.scim.model.scim.ScimOktaIceUser com.oktaice.scim.controller.api.scim.ScimUserCompleteController.updateUser(com.oktaice.scim.model.scim.ScimUserPatchOp,java.lang.String)
2023-03-31 02:16:58.549  INFO 57290 --- [    Test worker] s.w.s.m.m.a.RequestMappingHandlerMapping : Mapped "{[/scim/v2/Users/{uuid}],methods=[DELETE]}" onto public void com.oktaice.scim.controller.api.scim.ScimUserCompleteController.deleteUser(java.lang.String)
2023-03-31 02:16:58.550  INFO 57290 --- [    Test worker] s.w.s.m.m.a.RequestMappingHandlerMapping : Mapped "{[/scim/v2/Users],methods=[GET]}" onto public com.oktaice.scim.model.scim.ScimListResponse com.oktaice.scim.controller.api.scim.ScimUserCompleteController.getUsers(com.oktaice.scim.model.scim.support.ScimPageFilter)
2023-03-31 02:16:58.550  INFO 57290 --- [    Test worker] s.w.s.m.m.a.RequestMappingHandlerMapping : Mapped "{[/scim/v2/Users/{uuid}],methods=[GET]}" onto public com.oktaice.scim.model.scim.ScimOktaIceUser com.oktaice.scim.controller.api.scim.ScimUserCompleteController.getUser(java.lang.String)
2023-03-31 02:16:58.550  INFO 57290 --- [    Test worker] s.w.s.m.m.a.RequestMappingHandlerMapping : Mapped "{[/scim/v2/Users/ServiceProviderConfig],methods=[GET]}" onto public org.springframework.http.ResponseEntity<org.springframework.core.io.InputStreamResource> com.oktaice.scim.controller.api.scim.ScimBaseController.getServiceProviderConfig() throws java.io.IOException
2023-03-31 02:16:58.551  INFO 57290 --- [    Test worker] s.w.s.m.m.a.RequestMappingHandlerMapping : Mapped "{[/scim/v2/Users/ResourceTypes],methods=[GET]}" onto public org.springframework.http.ResponseEntity<org.springframework.core.io.InputStreamResource> com.oktaice.scim.controller.api.scim.ScimBaseController.getResourceTypes() throws java.io.IOException
2023-03-31 02:16:58.551  INFO 57290 --- [    Test worker] s.w.s.m.m.a.RequestMappingHandlerMapping : Mapped "{[/scim/v2/Users/Schemas],methods=[GET]}" onto public org.springframework.http.ResponseEntity<org.springframework.core.io.InputStreamResource> com.oktaice.scim.controller.api.scim.ScimBaseController.getSchemas() throws java.io.IOException
2023-03-31 02:16:58.552  INFO 57290 --- [    Test worker] s.w.s.m.m.a.RequestMappingHandlerMapping : Mapped "{[/],methods=[GET]}" onto public java.lang.String com.oktaice.scim.controller.ui.AdminController.home(org.springframework.ui.ModelMap)
2023-03-31 02:16:58.553  INFO 57290 --- [    Test worker] s.w.s.m.m.a.RequestMappingHandlerMapping : Mapped "{[/error],produces=[text/html]}" onto public org.springframework.web.servlet.ModelAndView org.springframework.boot.autoconfigure.web.BasicErrorController.errorHtml(javax.servlet.http.HttpServletRequest,javax.servlet.http.HttpServletResponse)
2023-03-31 02:16:58.554  INFO 57290 --- [    Test worker] s.w.s.m.m.a.RequestMappingHandlerMapping : Mapped "{[/error]}" onto public org.springframework.http.ResponseEntity<java.util.Map<java.lang.String, java.lang.Object>> org.springframework.boot.autoconfigure.web.BasicErrorController.error(javax.servlet.http.HttpServletRequest)
2023-03-31 02:16:58.580  INFO 57290 --- [    Test worker] o.s.w.s.handler.SimpleUrlHandlerMapping  : Mapped URL path [/webjars/**] onto handler of type [class org.springframework.web.servlet.resource.ResourceHttpRequestHandler]
2023-03-31 02:16:58.580  INFO 57290 --- [    Test worker] o.s.w.s.handler.SimpleUrlHandlerMapping  : Mapped URL path [/**] onto handler of type [class org.springframework.web.servlet.resource.ResourceHttpRequestHandler]
2023-03-31 02:16:58.613  INFO 57290 --- [    Test worker] o.s.w.s.handler.SimpleUrlHandlerMapping  : Mapped URL path [/**/favicon.ico] onto handler of type [class org.springframework.web.servlet.resource.ResourceHttpRequestHandler]
2023-03-31 02:16:59.146  INFO 57290 --- [    Test worker] o.s.s.web.DefaultSecurityFilterChain     : Creating filter chain: OrRequestMatcher [requestMatchers=[Ant [pattern='/css/**'], Ant [pattern='/js/**'], Ant [pattern='/images/**'], Ant [pattern='/webjars/**'], Ant [pattern='/**/favicon.ico'], Ant [pattern='/error']]], []
2023-03-31 02:16:59.565  INFO 57290 --- [    Test worker] o.s.b.a.e.mvc.EndpointHandlerMapping     : Mapped "{[/health || /health.json],methods=[GET],produces=[application/vnd.spring-boot.actuator.v1+json || application/json]}" onto public java.lang.Object org.springframework.boot.actuate.endpoint.mvc.HealthMvcEndpoint.invoke(javax.servlet.http.HttpServletRequest,java.security.Principal)
2023-03-31 02:16:59.566  INFO 57290 --- [    Test worker] o.s.b.a.e.mvc.EndpointHandlerMapping     : Mapped "{[/beans || /beans.json],methods=[GET],produces=[application/vnd.spring-boot.actuator.v1+json || application/json]}" onto public java.lang.Object org.springframework.boot.actuate.endpoint.mvc.EndpointMvcAdapter.invoke()
2023-03-31 02:16:59.567  INFO 57290 --- [    Test worker] o.s.b.a.e.mvc.EndpointHandlerMapping     : Mapped "{[/trace || /trace.json],methods=[GET],produces=[application/vnd.spring-boot.actuator.v1+json || application/json]}" onto public java.lang.Object org.springframework.boot.actuate.endpoint.mvc.EndpointMvcAdapter.invoke()
2023-03-31 02:16:59.569  INFO 57290 --- [    Test worker] o.s.b.a.e.mvc.EndpointHandlerMapping     : Mapped "{[/heapdump || /heapdump.json],methods=[GET],produces=[application/octet-stream]}" onto public void org.springframework.boot.actuate.endpoint.mvc.HeapdumpMvcEndpoint.invoke(boolean,javax.servlet.http.HttpServletRequest,javax.servlet.http.HttpServletResponse) throws java.io.IOException,javax.servlet.ServletException
2023-03-31 02:16:59.571  INFO 57290 --- [    Test worker] o.s.b.a.e.mvc.EndpointHandlerMapping     : Mapped "{[/metrics/{name:.*}],methods=[GET],produces=[application/vnd.spring-boot.actuator.v1+json || application/json]}" onto public java.lang.Object org.springframework.boot.actuate.endpoint.mvc.MetricsMvcEndpoint.value(java.lang.String)
2023-03-31 02:16:59.572  INFO 57290 --- [    Test worker] o.s.b.a.e.mvc.EndpointHandlerMapping     : Mapped "{[/metrics || /metrics.json],methods=[GET],produces=[application/vnd.spring-boot.actuator.v1+json || application/json]}" onto public java.lang.Object org.springframework.boot.actuate.endpoint.mvc.EndpointMvcAdapter.invoke()
2023-03-31 02:16:59.573  INFO 57290 --- [    Test worker] o.s.b.a.e.mvc.EndpointHandlerMapping     : Mapped "{[/auditevents || /auditevents.json],methods=[GET],produces=[application/vnd.spring-boot.actuator.v1+json || application/json]}" onto public org.springframework.http.ResponseEntity<?> org.springframework.boot.actuate.endpoint.mvc.AuditEventsMvcEndpoint.findByPrincipalAndAfterAndType(java.lang.String,java.util.Date,java.lang.String)
2023-03-31 02:16:59.574  INFO 57290 --- [    Test worker] o.s.b.a.e.mvc.EndpointHandlerMapping     : Mapped "{[/autoconfig || /autoconfig.json],methods=[GET],produces=[application/vnd.spring-boot.actuator.v1+json || application/json]}" onto public java.lang.Object org.springframework.boot.actuate.endpoint.mvc.EndpointMvcAdapter.invoke()
2023-03-31 02:16:59.575  INFO 57290 --- [    Test worker] o.s.b.a.e.mvc.EndpointHandlerMapping     : Mapped "{[/dump || /dump.json],methods=[GET],produces=[application/vnd.spring-boot.actuator.v1+json || application/json]}" onto public java.lang.Object org.springframework.boot.actuate.endpoint.mvc.EndpointMvcAdapter.invoke()
2023-03-31 02:16:59.577  INFO 57290 --- [    Test worker] o.s.b.a.e.mvc.EndpointHandlerMapping     : Mapped "{[/env/{name:.*}],methods=[GET],produces=[application/vnd.spring-boot.actuator.v1+json || application/json]}" onto public java.lang.Object org.springframework.boot.actuate.endpoint.mvc.EnvironmentMvcEndpoint.value(java.lang.String)
2023-03-31 02:16:59.578  INFO 57290 --- [    Test worker] o.s.b.a.e.mvc.EndpointHandlerMapping     : Mapped "{[/env || /env.json],methods=[GET],produces=[application/vnd.spring-boot.actuator.v1+json || application/json]}" onto public java.lang.Object org.springframework.boot.actuate.endpoint.mvc.EndpointMvcAdapter.invoke()
2023-03-31 02:16:59.579  INFO 57290 --- [    Test worker] o.s.b.a.e.mvc.EndpointHandlerMapping     : Mapped "{[/mappings || /mappings.json],methods=[GET],produces=[application/vnd.spring-boot.actuator.v1+json || application/json]}" onto public java.lang.Object org.springframework.boot.actuate.endpoint.mvc.EndpointMvcAdapter.invoke()
2023-03-31 02:16:59.580  INFO 57290 --- [    Test worker] o.s.b.a.e.mvc.EndpointHandlerMapping     : Mapped "{[/configprops || /configprops.json],methods=[GET],produces=[application/vnd.spring-boot.actuator.v1+json || application/json]}" onto public java.lang.Object org.springframework.boot.actuate.endpoint.mvc.EndpointMvcAdapter.invoke()
2023-03-31 02:16:59.583  INFO 57290 --- [    Test worker] o.s.b.a.e.mvc.EndpointHandlerMapping     : Mapped "{[/loggers/{name:.*}],methods=[GET],produces=[application/vnd.spring-boot.actuator.v1+json || application/json]}" onto public java.lang.Object org.springframework.boot.actuate.endpoint.mvc.LoggersMvcEndpoint.get(java.lang.String)
2023-03-31 02:16:59.583  INFO 57290 --- [    Test worker] o.s.b.a.e.mvc.EndpointHandlerMapping     : Mapped "{[/loggers/{name:.*}],methods=[POST],consumes=[application/vnd.spring-boot.actuator.v1+json || application/json],produces=[application/vnd.spring-boot.actuator.v1+json || application/json]}" onto public java.lang.Object org.springframework.boot.actuate.endpoint.mvc.LoggersMvcEndpoint.set(java.lang.String,java.util.Map<java.lang.String, java.lang.String>)
2023-03-31 02:16:59.584  INFO 57290 --- [    Test worker] o.s.b.a.e.mvc.EndpointHandlerMapping     : Mapped "{[/loggers || /loggers.json],methods=[GET],produces=[application/vnd.spring-boot.actuator.v1+json || application/json]}" onto public java.lang.Object org.springframework.boot.actuate.endpoint.mvc.EndpointMvcAdapter.invoke()
2023-03-31 02:16:59.585  INFO 57290 --- [    Test worker] o.s.b.a.e.mvc.EndpointHandlerMapping     : Mapped "{[/info || /info.json],methods=[GET],produces=[application/vnd.spring-boot.actuator.v1+json || application/json]}" onto public java.lang.Object org.springframework.boot.actuate.endpoint.mvc.EndpointMvcAdapter.invoke()
2023-03-31 02:16:59.586  INFO 57290 --- [    Test worker] o.s.s.web.DefaultSecurityFilterChain     : Creating filter chain: org.springframework.boot.actuate.autoconfigure.ManagementWebSecurityAutoConfiguration$LazyEndpointPathRequestMatcher@5a45ff67, [org.springframework.security.web.context.request.async.WebAsyncManagerIntegrationFilter@310be95f, org.springframework.security.web.context.SecurityContextPersistenceFilter@387f32a3, org.springframework.security.web.header.HeaderWriterFilter@19584a06, org.springframework.web.filter.CorsFilter@67b91976, org.springframework.security.web.authentication.logout.LogoutFilter@62392be3, org.springframework.security.web.authentication.www.BasicAuthenticationFilter@70b1a066, org.springframework.security.web.savedrequest.RequestCacheAwareFilter@3c0f5ace, org.springframework.security.web.servletapi.SecurityContextHolderAwareRequestFilter@1159f3b8, org.springframework.security.web.authentication.AnonymousAuthenticationFilter@2fc304dd, org.springframework.security.web.session.SessionManagementFilter@596a774b, org.springframework.security.web.access.ExceptionTranslationFilter@670c1e4b, org.springframework.security.web.access.intercept.FilterSecurityInterceptor@21a21381]
2023-03-31 02:16:59.590  INFO 57290 --- [    Test worker] o.s.s.web.DefaultSecurityFilterChain     : Creating filter chain: OrRequestMatcher [requestMatchers=[Ant [pattern='/**']]], [org.springframework.security.web.context.request.async.WebAsyncManagerIntegrationFilter@7737f829, org.springframework.security.web.context.SecurityContextPersistenceFilter@2497e5c4, org.springframework.security.web.header.HeaderWriterFilter@1fec50a5, org.springframework.security.web.authentication.logout.LogoutFilter@18312faf, org.springframework.security.web.authentication.www.BasicAuthenticationFilter@31350a8, org.springframework.security.web.savedrequest.RequestCacheAwareFilter@ac77997, org.springframework.security.web.servletapi.SecurityContextHolderAwareRequestFilter@77d37912, org.springframework.security.web.authentication.AnonymousAuthenticationFilter@382f8bc3, org.springframework.security.web.session.SessionManagementFilter@45a55502, org.springframework.security.web.access.ExceptionTranslationFilter@740b5ea7, org.springframework.security.web.access.intercept.FilterSecurityInterceptor@57971e76]
2023-03-31 02:16:59.972  INFO 57290 --- [    Test worker] c.o.scim.ScimServerApplicationTests      : Started ScimServerApplicationTests in 5.923 seconds (JVM running for 6.908)
]]></system-out>
  <system-err><![CDATA[]]></system-err>
</testsuite>
